{"synthetic": false,
 "schemaVersion": "2025-09-10",
 "outputs": null,
 "log":
 [{"message":
   ".> ELAN=elan ELAN_HOME=/Users/mirajcs/.elan ELAN_TOOLCHAIN=leanprover/lean4:v4.27.0 LAKE=/Users/mirajcs/.elan/toolchains/leanprover--lean4---v4.27.0/bin/lake LAKE_HOME=/Users/mirajcs/.elan/toolchains/leanprover--lean4---v4.27.0 LAKE_PKG_URL_MAP={} LAKE_NO_CACHE=false LAKE_ARTIFACT_CACHE=false LAKE_CACHE_KEY= LAKE_CACHE_ARTIFACT_ENDPOINT= LAKE_CACHE_REVISION_ENDPOINT= LEAN=/Users/mirajcs/.elan/toolchains/leanprover--lean4---v4.27.0/bin/lean LEAN_SYSROOT=/Users/mirajcs/.elan/toolchains/leanprover--lean4---v4.27.0 LEAN_AR=/Users/mirajcs/.elan/toolchains/leanprover--lean4---v4.27.0/bin/llvm-ar LEAN_CC= LAKE_CACHE_DIR=/Users/mirajcs/.elan/toolchains/leanprover--lean4---v4.27.0/lake/cache LEAN_PATH=/Users/mirajcs/git/LinearMaps/.lake/packages/batteries/.lake/build/lib/lean:/Users/mirajcs/git/LinearMaps/.lake/packages/Qq/.lake/build/lib/lean:/Users/mirajcs/git/LinearMaps/.lake/packages/aesop/.lake/build/lib/lean:/Users/mirajcs/git/LinearMaps/.lake/packages/proofwidgets/.lake/build/lib/lean:/Users/mirajcs/git/LinearMaps/.lake/packages/importGraph/.lake/build/lib/lean:/Users/mirajcs/git/LinearMaps/.lake/packages/LeanSearchClient/.lake/build/lib/lean:/Users/mirajcs/git/LinearMaps/.lake/packages/plausible/.lake/build/lib/lean:/Users/mirajcs/git/LinearMaps/.lake/packages/MD4Lean/.lake/build/lib/lean:/Users/mirajcs/git/LinearMaps/.lake/packages/BibtexQuery/.lake/build/lib/lean:/Users/mirajcs/git/LinearMaps/.lake/packages/UnicodeBasic/.lake/build/lib/lean:/Users/mirajcs/git/LinearMaps/.lake/packages/Cli/.lake/build/lib/lean:/Users/mirajcs/git/LinearMaps/.lake/packages/mathlib/.lake/build/lib/lean:/Users/mirajcs/git/LinearMaps/.lake/packages/doc-gen4/.lake/build/lib/lean:/Users/mirajcs/git/LinearMaps/.lake/build/lib/lean:/Users/mirajcs/.elan/toolchains/leanprover--lean4---v4.27.0/lib/lean LEAN_SRC_PATH=/Users/mirajcs/git/LinearMaps/.lake/packages/batteries:/Users/mirajcs/git/LinearMaps/.lake/packages/batteries:/Users/mirajcs/git/LinearMaps/.lake/packages/Qq:/Users/mirajcs/git/LinearMaps/.lake/packages/Qq:/Users/mirajcs/git/LinearMaps/.lake/packages/aesop:/Users/mirajcs/git/LinearMaps/.lake/packages/aesop:/Users/mirajcs/git/LinearMaps/.lake/packages/proofwidgets:/Users/mirajcs/git/LinearMaps/.lake/packages/proofwidgets:/Users/mirajcs/git/LinearMaps/.lake/packages/proofwidgets:/Users/mirajcs/git/LinearMaps/.lake/packages/importGraph:/Users/mirajcs/git/LinearMaps/.lake/packages/importGraph:/Users/mirajcs/git/LinearMaps/.lake/packages/LeanSearchClient:/Users/mirajcs/git/LinearMaps/.lake/packages/LeanSearchClient:/Users/mirajcs/git/LinearMaps/.lake/packages/plausible:/Users/mirajcs/git/LinearMaps/.lake/packages/plausible:/Users/mirajcs/git/LinearMaps/.lake/packages/MD4Lean:/Users/mirajcs/git/LinearMaps/.lake/packages/MD4Lean:/Users/mirajcs/git/LinearMaps/.lake/packages/BibtexQuery:/Users/mirajcs/git/LinearMaps/.lake/packages/UnicodeBasic:/Users/mirajcs/git/LinearMaps/.lake/packages/UnicodeBasic:/Users/mirajcs/git/LinearMaps/.lake/packages/Cli:/Users/mirajcs/git/LinearMaps/.lake/packages/Cli:/Users/mirajcs/git/LinearMaps/.lake/packages/mathlib:/Users/mirajcs/git/LinearMaps/.lake/packages/mathlib:/Users/mirajcs/git/LinearMaps/.lake/packages/mathlib:/Users/mirajcs/git/LinearMaps/.lake/packages/mathlib:/Users/mirajcs/git/LinearMaps/.lake/packages/mathlib:/Users/mirajcs/git/LinearMaps/.lake/packages/mathlib:/Users/mirajcs/git/LinearMaps/.lake/packages/mathlib:/Users/mirajcs/git/LinearMaps/.lake/packages/doc-gen4:/Users/mirajcs/git/LinearMaps:/Users/mirajcs/.elan/toolchains/leanprover--lean4---v4.27.0/src/lean/lake LEAN_GITHASH=db93fe1608548721853390a10cd40580fe7d22ae PATH DYLD_LIBRARY_PATH=/Users/mirajcs/.elan/toolchains/leanprover--lean4---v4.27.0/lib/lean:/Users/mirajcs/.elan/toolchains/leanprover--lean4---v4.27.0/lib:/Users/mirajcs/git/LinearMaps/.lake/build/lib:/Users/mirajcs/git/LinearMaps/.lake/packages/doc-gen4/.lake/build/lib:/Users/mirajcs/git/LinearMaps/.lake/packages/mathlib/.lake/build/lib:/Users/mirajcs/git/LinearMaps/.lake/packages/Cli/.lake/build/lib:/Users/mirajcs/git/LinearMaps/.lake/packages/UnicodeBasic/.lake/build/lib:/Users/mirajcs/git/LinearMaps/.lake/packages/BibtexQuery/.lake/build/lib:/Users/mirajcs/git/LinearMaps/.lake/packages/MD4Lean/.lake/build/lib:/Users/mirajcs/git/LinearMaps/.lake/packages/plausible/.lake/build/lib:/Users/mirajcs/git/LinearMaps/.lake/packages/LeanSearchClient/.lake/build/lib:/Users/mirajcs/git/LinearMaps/.lake/packages/importGraph/.lake/build/lib:/Users/mirajcs/git/LinearMaps/.lake/packages/proofwidgets/.lake/build/lib:/Users/mirajcs/git/LinearMaps/.lake/packages/aesop/.lake/build/lib:/Users/mirajcs/git/LinearMaps/.lake/packages/Qq/.lake/build/lib:/Users/mirajcs/git/LinearMaps/.lake/packages/batteries/.lake/build/lib /Users/mirajcs/git/LinearMaps/.lake/packages/doc-gen4/.lake/build/bin/doc-gen4 single --build /Users/mirajcs/git/LinearMaps/.lake/build Mathlib.Tactic.Widget.LibraryRewrite https://github.com/leanprover-community/mathlib4/blob/a3a10db0e9d66acbebf76c5e6a135066525ac900/Mathlib/Tactic/Widget/LibraryRewrite.lean",
   "level": "trace"}],
 "inputs":
 [["<collection>",
   [["/Users/mirajcs/git/LinearMaps/.lake/build/doc/Mathlib/Lean/Meta/RefinedDiscrTree.html",
     "920ad143bc4e715c"],
    ["/Users/mirajcs/git/LinearMaps/.lake/build/doc/Mathlib/Tactic/Widget/InteractiveUnfold.html",
     "e85db2124435c798"],
    ["/Users/mirajcs/git/LinearMaps/.lake/build/doc/ProofWidgets/Component/FilterDetails.html",
     "515b7ce5321fb2a4"]]],
  ["/Users/mirajcs/git/LinearMaps/.lake/build/doc-data/references.json",
   "a50f2257f35adb49"],
  ["/Users/mirajcs/git/LinearMaps/.lake/packages/doc-gen4/.lake/build/bin/doc-gen4",
   "efd8ffe875d589a8"],
  ["Mathlib.Tactic.Widget.LibraryRewrite:leanArts", "1e282cecb3dc345d"]],
 "depHash": "e8cdaf9e9f8c09a7"}