{"synthetic": false,
 "schemaVersion": "2025-09-10",
 "outputs": null,
 "log":
 [{"message":
   ".> ELAN=elan ELAN_HOME=/Users/mirajcs/.elan ELAN_TOOLCHAIN=leanprover/lean4:v4.27.0 LAKE=/Users/mirajcs/.elan/toolchains/leanprover--lean4---v4.27.0/bin/lake LAKE_HOME=/Users/mirajcs/.elan/toolchains/leanprover--lean4---v4.27.0 LAKE_PKG_URL_MAP={} LAKE_NO_CACHE=false LAKE_ARTIFACT_CACHE=false LAKE_CACHE_KEY= LAKE_CACHE_ARTIFACT_ENDPOINT= LAKE_CACHE_REVISION_ENDPOINT= LEAN=/Users/mirajcs/.elan/toolchains/leanprover--lean4---v4.27.0/bin/lean LEAN_SYSROOT=/Users/mirajcs/.elan/toolchains/leanprover--lean4---v4.27.0 LEAN_AR=/Users/mirajcs/.elan/toolchains/leanprover--lean4---v4.27.0/bin/llvm-ar LEAN_CC= LAKE_CACHE_DIR=/Users/mirajcs/.elan/toolchains/leanprover--lean4---v4.27.0/lake/cache LEAN_PATH=/Users/mirajcs/git/LinearMaps/.lake/packages/batteries/.lake/build/lib/lean:/Users/mirajcs/git/LinearMaps/.lake/packages/Qq/.lake/build/lib/lean:/Users/mirajcs/git/LinearMaps/.lake/packages/aesop/.lake/build/lib/lean:/Users/mirajcs/git/LinearMaps/.lake/packages/proofwidgets/.lake/build/lib/lean:/Users/mirajcs/git/LinearMaps/.lake/packages/importGraph/.lake/build/lib/lean:/Users/mirajcs/git/LinearMaps/.lake/packages/LeanSearchClient/.lake/build/lib/lean:/Users/mirajcs/git/LinearMaps/.lake/packages/plausible/.lake/build/lib/lean:/Users/mirajcs/git/LinearMaps/.lake/packages/MD4Lean/.lake/build/lib/lean:/Users/mirajcs/git/LinearMaps/.lake/packages/BibtexQuery/.lake/build/lib/lean:/Users/mirajcs/git/LinearMaps/.lake/packages/UnicodeBasic/.lake/build/lib/lean:/Users/mirajcs/git/LinearMaps/.lake/packages/Cli/.lake/build/lib/lean:/Users/mirajcs/git/LinearMaps/.lake/packages/mathlib/.lake/build/lib/lean:/Users/mirajcs/git/LinearMaps/.lake/packages/doc-gen4/.lake/build/lib/lean:/Users/mirajcs/git/LinearMaps/.lake/build/lib/lean:/Users/mirajcs/.elan/toolchains/leanprover--lean4---v4.27.0/lib/lean LEAN_SRC_PATH=/Users/mirajcs/git/LinearMaps/.lake/packages/batteries:/Users/mirajcs/git/LinearMaps/.lake/packages/batteries:/Users/mirajcs/git/LinearMaps/.lake/packages/Qq:/Users/mirajcs/git/LinearMaps/.lake/packages/Qq:/Users/mirajcs/git/LinearMaps/.lake/packages/aesop:/Users/mirajcs/git/LinearMaps/.lake/packages/aesop:/Users/mirajcs/git/LinearMaps/.lake/packages/proofwidgets:/Users/mirajcs/git/LinearMaps/.lake/packages/proofwidgets:/Users/mirajcs/git/LinearMaps/.lake/packages/proofwidgets:/Users/mirajcs/git/LinearMaps/.lake/packages/importGraph:/Users/mirajcs/git/LinearMaps/.lake/packages/importGraph:/Users/mirajcs/git/LinearMaps/.lake/packages/LeanSearchClient:/Users/mirajcs/git/LinearMaps/.lake/packages/LeanSearchClient:/Users/mirajcs/git/LinearMaps/.lake/packages/plausible:/Users/mirajcs/git/LinearMaps/.lake/packages/plausible:/Users/mirajcs/git/LinearMaps/.lake/packages/MD4Lean:/Users/mirajcs/git/LinearMaps/.lake/packages/MD4Lean:/Users/mirajcs/git/LinearMaps/.lake/packages/BibtexQuery:/Users/mirajcs/git/LinearMaps/.lake/packages/UnicodeBasic:/Users/mirajcs/git/LinearMaps/.lake/packages/UnicodeBasic:/Users/mirajcs/git/LinearMaps/.lake/packages/Cli:/Users/mirajcs/git/LinearMaps/.lake/packages/Cli:/Users/mirajcs/git/LinearMaps/.lake/packages/mathlib:/Users/mirajcs/git/LinearMaps/.lake/packages/mathlib:/Users/mirajcs/git/LinearMaps/.lake/packages/mathlib:/Users/mirajcs/git/LinearMaps/.lake/packages/mathlib:/Users/mirajcs/git/LinearMaps/.lake/packages/mathlib:/Users/mirajcs/git/LinearMaps/.lake/packages/mathlib:/Users/mirajcs/git/LinearMaps/.lake/packages/mathlib:/Users/mirajcs/git/LinearMaps/.lake/packages/doc-gen4:/Users/mirajcs/git/LinearMaps:/Users/mirajcs/.elan/toolchains/leanprover--lean4---v4.27.0/src/lean/lake LEAN_GITHASH=db93fe1608548721853390a10cd40580fe7d22ae PATH DYLD_LIBRARY_PATH=/Users/mirajcs/.elan/toolchains/leanprover--lean4---v4.27.0/lib/lean:/Users/mirajcs/.elan/toolchains/leanprover--lean4---v4.27.0/lib:/Users/mirajcs/git/LinearMaps/.lake/build/lib:/Users/mirajcs/git/LinearMaps/.lake/packages/doc-gen4/.lake/build/lib:/Users/mirajcs/git/LinearMaps/.lake/packages/mathlib/.lake/build/lib:/Users/mirajcs/git/LinearMaps/.lake/packages/Cli/.lake/build/lib:/Users/mirajcs/git/LinearMaps/.lake/packages/UnicodeBasic/.lake/build/lib:/Users/mirajcs/git/LinearMaps/.lake/packages/BibtexQuery/.lake/build/lib:/Users/mirajcs/git/LinearMaps/.lake/packages/MD4Lean/.lake/build/lib:/Users/mirajcs/git/LinearMaps/.lake/packages/plausible/.lake/build/lib:/Users/mirajcs/git/LinearMaps/.lake/packages/LeanSearchClient/.lake/build/lib:/Users/mirajcs/git/LinearMaps/.lake/packages/importGraph/.lake/build/lib:/Users/mirajcs/git/LinearMaps/.lake/packages/proofwidgets/.lake/build/lib:/Users/mirajcs/git/LinearMaps/.lake/packages/aesop/.lake/build/lib:/Users/mirajcs/git/LinearMaps/.lake/packages/Qq/.lake/build/lib:/Users/mirajcs/git/LinearMaps/.lake/packages/batteries/.lake/build/lib /Users/mirajcs/git/LinearMaps/.lake/packages/doc-gen4/.lake/build/bin/doc-gen4 single --build /Users/mirajcs/git/LinearMaps/.lake/build Batteries.Data.List https://github.com/leanprover-community/batteries/blob/b25b36a7caf8e237e7d1e6121543078a06777c8a/Batteries/Data/List.lean",
   "level": "trace"}],
 "inputs":
 [["<collection>",
   [["/Users/mirajcs/git/LinearMaps/.lake/build/doc/Batteries/Data/List/ArrayMap.html",
     "9f1b57b5295d4029"],
    ["/Users/mirajcs/git/LinearMaps/.lake/build/doc/Batteries/Data/List/Basic.html",
     "3d82ebc7ed16e085"],
    ["/Users/mirajcs/git/LinearMaps/.lake/build/doc/Batteries/Data/List/Count.html",
     "a85c372e1d87e502"],
    ["/Users/mirajcs/git/LinearMaps/.lake/build/doc/Batteries/Data/List/Init/Lemmas.html",
     "0b3bc059e7b607e5"],
    ["/Users/mirajcs/git/LinearMaps/.lake/build/doc/Batteries/Data/List/Lemmas.html",
     "20f4bada8bd6491c"],
    ["/Users/mirajcs/git/LinearMaps/.lake/build/doc/Batteries/Data/List/Matcher.html",
     "4e0fe5662ae28653"],
    ["/Users/mirajcs/git/LinearMaps/.lake/build/doc/Batteries/Data/List/Monadic.html",
     "71de50e14bfa950b"],
    ["/Users/mirajcs/git/LinearMaps/.lake/build/doc/Batteries/Data/List/Pairwise.html",
     "fc3754319ff0e18d"],
    ["/Users/mirajcs/git/LinearMaps/.lake/build/doc/Batteries/Data/List/Perm.html",
     "407dc51f7059ea57"],
    ["/Users/mirajcs/git/LinearMaps/.lake/build/doc/Batteries/Data/List/Scan.html",
     "097e67018d4c6819"]]],
  ["/Users/mirajcs/git/LinearMaps/.lake/build/doc-data/references.json",
   "a50f2257f35adb49"],
  ["/Users/mirajcs/git/LinearMaps/.lake/packages/doc-gen4/.lake/build/bin/doc-gen4",
   "efd8ffe875d589a8"],
  ["Batteries.Data.List:leanArts", "1322760062a8cd53"]],
 "depHash": "43bf3f4a5e17306e"}