{"synthetic": false,
 "schemaVersion": "2025-09-10",
 "outputs": null,
 "log":
 [{"message":
   ".> ELAN=elan ELAN_HOME=/Users/mirajcs/.elan ELAN_TOOLCHAIN=leanprover/lean4:v4.27.0 LAKE=/Users/mirajcs/.elan/toolchains/leanprover--lean4---v4.27.0/bin/lake LAKE_HOME=/Users/mirajcs/.elan/toolchains/leanprover--lean4---v4.27.0 LAKE_PKG_URL_MAP={} LAKE_NO_CACHE=false LAKE_ARTIFACT_CACHE=false LAKE_CACHE_KEY= LAKE_CACHE_ARTIFACT_ENDPOINT= LAKE_CACHE_REVISION_ENDPOINT= LEAN=/Users/mirajcs/.elan/toolchains/leanprover--lean4---v4.27.0/bin/lean LEAN_SYSROOT=/Users/mirajcs/.elan/toolchains/leanprover--lean4---v4.27.0 LEAN_AR=/Users/mirajcs/.elan/toolchains/leanprover--lean4---v4.27.0/bin/llvm-ar LEAN_CC= LAKE_CACHE_DIR=/Users/mirajcs/.elan/toolchains/leanprover--lean4---v4.27.0/lake/cache LEAN_PATH=/Users/mirajcs/git/LinearMaps/.lake/packages/batteries/.lake/build/lib/lean:/Users/mirajcs/git/LinearMaps/.lake/packages/Qq/.lake/build/lib/lean:/Users/mirajcs/git/LinearMaps/.lake/packages/aesop/.lake/build/lib/lean:/Users/mirajcs/git/LinearMaps/.lake/packages/proofwidgets/.lake/build/lib/lean:/Users/mirajcs/git/LinearMaps/.lake/packages/importGraph/.lake/build/lib/lean:/Users/mirajcs/git/LinearMaps/.lake/packages/LeanSearchClient/.lake/build/lib/lean:/Users/mirajcs/git/LinearMaps/.lake/packages/plausible/.lake/build/lib/lean:/Users/mirajcs/git/LinearMaps/.lake/packages/MD4Lean/.lake/build/lib/lean:/Users/mirajcs/git/LinearMaps/.lake/packages/BibtexQuery/.lake/build/lib/lean:/Users/mirajcs/git/LinearMaps/.lake/packages/UnicodeBasic/.lake/build/lib/lean:/Users/mirajcs/git/LinearMaps/.lake/packages/Cli/.lake/build/lib/lean:/Users/mirajcs/git/LinearMaps/.lake/packages/mathlib/.lake/build/lib/lean:/Users/mirajcs/git/LinearMaps/.lake/packages/doc-gen4/.lake/build/lib/lean:/Users/mirajcs/git/LinearMaps/.lake/build/lib/lean:/Users/mirajcs/.elan/toolchains/leanprover--lean4---v4.27.0/lib/lean LEAN_SRC_PATH=/Users/mirajcs/git/LinearMaps/.lake/packages/batteries:/Users/mirajcs/git/LinearMaps/.lake/packages/batteries:/Users/mirajcs/git/LinearMaps/.lake/packages/Qq:/Users/mirajcs/git/LinearMaps/.lake/packages/Qq:/Users/mirajcs/git/LinearMaps/.lake/packages/aesop:/Users/mirajcs/git/LinearMaps/.lake/packages/aesop:/Users/mirajcs/git/LinearMaps/.lake/packages/proofwidgets:/Users/mirajcs/git/LinearMaps/.lake/packages/proofwidgets:/Users/mirajcs/git/LinearMaps/.lake/packages/proofwidgets:/Users/mirajcs/git/LinearMaps/.lake/packages/importGraph:/Users/mirajcs/git/LinearMaps/.lake/packages/importGraph:/Users/mirajcs/git/LinearMaps/.lake/packages/LeanSearchClient:/Users/mirajcs/git/LinearMaps/.lake/packages/LeanSearchClient:/Users/mirajcs/git/LinearMaps/.lake/packages/plausible:/Users/mirajcs/git/LinearMaps/.lake/packages/plausible:/Users/mirajcs/git/LinearMaps/.lake/packages/MD4Lean:/Users/mirajcs/git/LinearMaps/.lake/packages/MD4Lean:/Users/mirajcs/git/LinearMaps/.lake/packages/BibtexQuery:/Users/mirajcs/git/LinearMaps/.lake/packages/UnicodeBasic:/Users/mirajcs/git/LinearMaps/.lake/packages/UnicodeBasic:/Users/mirajcs/git/LinearMaps/.lake/packages/Cli:/Users/mirajcs/git/LinearMaps/.lake/packages/Cli:/Users/mirajcs/git/LinearMaps/.lake/packages/mathlib:/Users/mirajcs/git/LinearMaps/.lake/packages/mathlib:/Users/mirajcs/git/LinearMaps/.lake/packages/mathlib:/Users/mirajcs/git/LinearMaps/.lake/packages/mathlib:/Users/mirajcs/git/LinearMaps/.lake/packages/mathlib:/Users/mirajcs/git/LinearMaps/.lake/packages/mathlib:/Users/mirajcs/git/LinearMaps/.lake/packages/mathlib:/Users/mirajcs/git/LinearMaps/.lake/packages/doc-gen4:/Users/mirajcs/git/LinearMaps:/Users/mirajcs/.elan/toolchains/leanprover--lean4---v4.27.0/src/lean/lake LEAN_GITHASH=db93fe1608548721853390a10cd40580fe7d22ae PATH DYLD_LIBRARY_PATH=/Users/mirajcs/.elan/toolchains/leanprover--lean4---v4.27.0/lib/lean:/Users/mirajcs/.elan/toolchains/leanprover--lean4---v4.27.0/lib:/Users/mirajcs/git/LinearMaps/.lake/build/lib:/Users/mirajcs/git/LinearMaps/.lake/packages/doc-gen4/.lake/build/lib:/Users/mirajcs/git/LinearMaps/.lake/packages/mathlib/.lake/build/lib:/Users/mirajcs/git/LinearMaps/.lake/packages/Cli/.lake/build/lib:/Users/mirajcs/git/LinearMaps/.lake/packages/UnicodeBasic/.lake/build/lib:/Users/mirajcs/git/LinearMaps/.lake/packages/BibtexQuery/.lake/build/lib:/Users/mirajcs/git/LinearMaps/.lake/packages/MD4Lean/.lake/build/lib:/Users/mirajcs/git/LinearMaps/.lake/packages/plausible/.lake/build/lib:/Users/mirajcs/git/LinearMaps/.lake/packages/LeanSearchClient/.lake/build/lib:/Users/mirajcs/git/LinearMaps/.lake/packages/importGraph/.lake/build/lib:/Users/mirajcs/git/LinearMaps/.lake/packages/proofwidgets/.lake/build/lib:/Users/mirajcs/git/LinearMaps/.lake/packages/aesop/.lake/build/lib:/Users/mirajcs/git/LinearMaps/.lake/packages/Qq/.lake/build/lib:/Users/mirajcs/git/LinearMaps/.lake/packages/batteries/.lake/build/lib /Users/mirajcs/git/LinearMaps/.lake/packages/doc-gen4/.lake/build/bin/doc-gen4 single --build /Users/mirajcs/git/LinearMaps/.lake/build Mathlib.Algebra.Group.Submonoid.Membership https://github.com/leanprover-community/mathlib4/blob/a3a10db0e9d66acbebf76c5e6a135066525ac900/Mathlib/Algebra/Group/Submonoid/Membership.lean",
   "level": "trace"}],
 "inputs":
 [["<collection>",
   [["/Users/mirajcs/git/LinearMaps/.lake/build/doc/Mathlib/Algebra/BigOperators/Group/Multiset/Defs.html",
     "a08edcc00f11ff22"],
    ["/Users/mirajcs/git/LinearMaps/.lake/build/doc/Mathlib/Algebra/FreeMonoid/Basic.html",
     "13ebdbed91839e19"],
    ["/Users/mirajcs/git/LinearMaps/.lake/build/doc/Mathlib/Algebra/Group/Idempotent.html",
     "8e22e508427332e5"],
    ["/Users/mirajcs/git/LinearMaps/.lake/build/doc/Mathlib/Algebra/Group/Nat/Hom.html",
     "7d141d6c04ea55ea"],
    ["/Users/mirajcs/git/LinearMaps/.lake/build/doc/Mathlib/Algebra/Group/Submonoid/MulOpposite.html",
     "32c31ad2939b24c4"],
    ["/Users/mirajcs/git/LinearMaps/.lake/build/doc/Mathlib/Algebra/Group/Submonoid/Operations.html",
     "78da9c54176d571a"],
    ["/Users/mirajcs/git/LinearMaps/.lake/build/doc/Mathlib/Data/Fintype/EquivFin.html",
     "bbc12c925552193b"],
    ["/Users/mirajcs/git/LinearMaps/.lake/build/doc/Mathlib/Data/Int/Basic.html",
     "8d8976e8a7b5e14f"],
    ["/Users/mirajcs/git/LinearMaps/.lake/build/doc/Mathlib/Algebra/Group/Int/Defs.html",
     "cada76c937805314"]]],
  ["/Users/mirajcs/git/LinearMaps/.lake/build/doc-data/references.json",
   "a50f2257f35adb49"],
  ["/Users/mirajcs/git/LinearMaps/.lake/packages/doc-gen4/.lake/build/bin/doc-gen4",
   "efd8ffe875d589a8"],
  ["Mathlib.Algebra.Group.Submonoid.Membership:leanArts", "f7249b1878146cd6"]],
 "depHash": "337c216fa7959019"}