{"synthetic": false,
 "schemaVersion": "2025-09-10",
 "outputs":
 {"o": ["c341af22eac6ff89.olean"],
  "i": "b746a9b2c08a2d1d.ilean",
  "c": "b522a7da31c4d485.c"},
 "log":
 [{"message":
   ".> LEAN_PATH=/Users/mirajcs/git/LinearMaps/.lake/packages/batteries/.lake/build/lib/lean:/Users/mirajcs/git/LinearMaps/.lake/packages/Qq/.lake/build/lib/lean:/Users/mirajcs/git/LinearMaps/.lake/packages/aesop/.lake/build/lib/lean:/Users/mirajcs/git/LinearMaps/.lake/packages/proofwidgets/.lake/build/lib/lean:/Users/mirajcs/git/LinearMaps/.lake/packages/importGraph/.lake/build/lib/lean:/Users/mirajcs/git/LinearMaps/.lake/packages/LeanSearchClient/.lake/build/lib/lean:/Users/mirajcs/git/LinearMaps/.lake/packages/plausible/.lake/build/lib/lean:/Users/mirajcs/git/LinearMaps/.lake/packages/MD4Lean/.lake/build/lib/lean:/Users/mirajcs/git/LinearMaps/.lake/packages/BibtexQuery/.lake/build/lib/lean:/Users/mirajcs/git/LinearMaps/.lake/packages/UnicodeBasic/.lake/build/lib/lean:/Users/mirajcs/git/LinearMaps/.lake/packages/Cli/.lake/build/lib/lean:/Users/mirajcs/git/LinearMaps/.lake/packages/mathlib/.lake/build/lib/lean:/Users/mirajcs/git/LinearMaps/.lake/packages/doc-gen4/.lake/build/lib/lean:/Users/mirajcs/git/LinearMaps/.lake/build/lib/lean /Users/mirajcs/.elan/toolchains/leanprover--lean4---v4.27.0/bin/lean /Users/mirajcs/git/LinearMaps/LinearMaps/equal_kernels.lean -o /Users/mirajcs/git/LinearMaps/.lake/build/lib/lean/LinearMaps/equal_kernels.olean -i /Users/mirajcs/git/LinearMaps/.lake/build/lib/lean/LinearMaps/equal_kernels.ilean -c /Users/mirajcs/git/LinearMaps/.lake/build/ir/LinearMaps/equal_kernels.c --setup /Users/mirajcs/git/LinearMaps/.lake/build/ir/LinearMaps/equal_kernels.setup.json --json",
   "level": "trace"}],
 "inputs":
 [["LinearMaps.equal_kernels:deps",
   [["deps",
     [["LinearMaps/LinearMaps:extraDep",
       [["@LinearMaps:extraDep", "00000000000006bb"]]],
      ["imports",
       [["Mathlib.LinearAlgebra.Dimension.Finrank transitive imports (legacy)",
         "eaff40351a2da8b8"],
        ["Mathlib.LinearAlgebra.Dimension.Finrank:importAllArts",
         "2b57cbbb9eb0d313"],
        ["Mathlib.LinearAlgebra.FreeModule.Finite.Basic transitive imports (legacy)",
         "782ae8427c06dc54"],
        ["Mathlib.LinearAlgebra.FreeModule.Finite.Basic:importAllArts",
         "c0268b12016e391c"],
        ["Mathlib.LinearAlgebra.Projection transitive imports (legacy)",
         "7dda91eefa5e52b4"],
        ["Mathlib.LinearAlgebra.Projection:importAllArts",
         "907b1409dd60ff39"]]]]],
    ["libs",
     [["import dynlibs", "00000000000006bb"],
      ["package external libraries", "00000000000006bb"],
      ["module dynlibs", "00000000000006bb"],
      ["module plugins", "00000000000006bb"]]]]],
  ["Lean 4.27.0, commit db93fe1608548721853390a10cd40580fe7d22ae",
   "9a2be90fd35343e5"],
  ["/Users/mirajcs/git/LinearMaps/LinearMaps/equal_kernels.lean",
   "6164a16c4901049c"],
  ["options",
   [["-DmaxSynthPendingDepth=3", "c78e353d34de85d4"],
    ["-Dweak.linter.mathlibStandardSet=true", "8a155799906f2b42"],
    ["-DrelaxedAutoImplicit=false", "74a2b5546b55be80"],
    ["-Dpp.unicode.fun=true", "9b94070140457fab"]]],
  ["Module.leanArgs: #[]", "00000000000006bb"]],
 "depHash": "f1131429a121a50f"}