{"synthetic": false,
 "schemaVersion": "2025-09-10",
 "outputs": null,
 "log":
 [{"message":
   ".> ELAN=elan ELAN_HOME=/Users/mirajcs/.elan ELAN_TOOLCHAIN=leanprover/lean4:v4.27.0 LAKE=/Users/mirajcs/.elan/toolchains/leanprover--lean4---v4.27.0/bin/lake LAKE_HOME=/Users/mirajcs/.elan/toolchains/leanprover--lean4---v4.27.0 LAKE_PKG_URL_MAP={} LAKE_NO_CACHE=false LAKE_ARTIFACT_CACHE=false LAKE_CACHE_KEY= LAKE_CACHE_ARTIFACT_ENDPOINT= LAKE_CACHE_REVISION_ENDPOINT= LEAN=/Users/mirajcs/.elan/toolchains/leanprover--lean4---v4.27.0/bin/lean LEAN_SYSROOT=/Users/mirajcs/.elan/toolchains/leanprover--lean4---v4.27.0 LEAN_AR=/Users/mirajcs/.elan/toolchains/leanprover--lean4---v4.27.0/bin/llvm-ar LEAN_CC= LAKE_CACHE_DIR=/Users/mirajcs/.elan/toolchains/leanprover--lean4---v4.27.0/lake/cache LEAN_PATH=/Users/mirajcs/git/LinearMaps/.lake/packages/batteries/.lake/build/lib/lean:/Users/mirajcs/git/LinearMaps/.lake/packages/Qq/.lake/build/lib/lean:/Users/mirajcs/git/LinearMaps/.lake/packages/aesop/.lake/build/lib/lean:/Users/mirajcs/git/LinearMaps/.lake/packages/proofwidgets/.lake/build/lib/lean:/Users/mirajcs/git/LinearMaps/.lake/packages/importGraph/.lake/build/lib/lean:/Users/mirajcs/git/LinearMaps/.lake/packages/LeanSearchClient/.lake/build/lib/lean:/Users/mirajcs/git/LinearMaps/.lake/packages/plausible/.lake/build/lib/lean:/Users/mirajcs/git/LinearMaps/.lake/packages/MD4Lean/.lake/build/lib/lean:/Users/mirajcs/git/LinearMaps/.lake/packages/BibtexQuery/.lake/build/lib/lean:/Users/mirajcs/git/LinearMaps/.lake/packages/UnicodeBasic/.lake/build/lib/lean:/Users/mirajcs/git/LinearMaps/.lake/packages/Cli/.lake/build/lib/lean:/Users/mirajcs/git/LinearMaps/.lake/packages/mathlib/.lake/build/lib/lean:/Users/mirajcs/git/LinearMaps/.lake/packages/doc-gen4/.lake/build/lib/lean:/Users/mirajcs/git/LinearMaps/.lake/build/lib/lean:/Users/mirajcs/.elan/toolchains/leanprover--lean4---v4.27.0/lib/lean LEAN_SRC_PATH=/Users/mirajcs/git/LinearMaps/.lake/packages/batteries:/Users/mirajcs/git/LinearMaps/.lake/packages/batteries:/Users/mirajcs/git/LinearMaps/.lake/packages/Qq:/Users/mirajcs/git/LinearMaps/.lake/packages/Qq:/Users/mirajcs/git/LinearMaps/.lake/packages/aesop:/Users/mirajcs/git/LinearMaps/.lake/packages/aesop:/Users/mirajcs/git/LinearMaps/.lake/packages/proofwidgets:/Users/mirajcs/git/LinearMaps/.lake/packages/proofwidgets:/Users/mirajcs/git/LinearMaps/.lake/packages/proofwidgets:/Users/mirajcs/git/LinearMaps/.lake/packages/importGraph:/Users/mirajcs/git/LinearMaps/.lake/packages/importGraph:/Users/mirajcs/git/LinearMaps/.lake/packages/LeanSearchClient:/Users/mirajcs/git/LinearMaps/.lake/packages/LeanSearchClient:/Users/mirajcs/git/LinearMaps/.lake/packages/plausible:/Users/mirajcs/git/LinearMaps/.lake/packages/plausible:/Users/mirajcs/git/LinearMaps/.lake/packages/MD4Lean:/Users/mirajcs/git/LinearMaps/.lake/packages/MD4Lean:/Users/mirajcs/git/LinearMaps/.lake/packages/BibtexQuery:/Users/mirajcs/git/LinearMaps/.lake/packages/UnicodeBasic:/Users/mirajcs/git/LinearMaps/.lake/packages/UnicodeBasic:/Users/mirajcs/git/LinearMaps/.lake/packages/Cli:/Users/mirajcs/git/LinearMaps/.lake/packages/Cli:/Users/mirajcs/git/LinearMaps/.lake/packages/mathlib:/Users/mirajcs/git/LinearMaps/.lake/packages/mathlib:/Users/mirajcs/git/LinearMaps/.lake/packages/mathlib:/Users/mirajcs/git/LinearMaps/.lake/packages/mathlib:/Users/mirajcs/git/LinearMaps/.lake/packages/mathlib:/Users/mirajcs/git/LinearMaps/.lake/packages/mathlib:/Users/mirajcs/git/LinearMaps/.lake/packages/mathlib:/Users/mirajcs/git/LinearMaps/.lake/packages/doc-gen4:/Users/mirajcs/git/LinearMaps:/Users/mirajcs/.elan/toolchains/leanprover--lean4---v4.27.0/src/lean/lake LEAN_GITHASH=db93fe1608548721853390a10cd40580fe7d22ae PATH DYLD_LIBRARY_PATH=/Users/mirajcs/.elan/toolchains/leanprover--lean4---v4.27.0/lib/lean:/Users/mirajcs/.elan/toolchains/leanprover--lean4---v4.27.0/lib:/Users/mirajcs/git/LinearMaps/.lake/build/lib:/Users/mirajcs/git/LinearMaps/.lake/packages/doc-gen4/.lake/build/lib:/Users/mirajcs/git/LinearMaps/.lake/packages/mathlib/.lake/build/lib:/Users/mirajcs/git/LinearMaps/.lake/packages/Cli/.lake/build/lib:/Users/mirajcs/git/LinearMaps/.lake/packages/UnicodeBasic/.lake/build/lib:/Users/mirajcs/git/LinearMaps/.lake/packages/BibtexQuery/.lake/build/lib:/Users/mirajcs/git/LinearMaps/.lake/packages/MD4Lean/.lake/build/lib:/Users/mirajcs/git/LinearMaps/.lake/packages/plausible/.lake/build/lib:/Users/mirajcs/git/LinearMaps/.lake/packages/LeanSearchClient/.lake/build/lib:/Users/mirajcs/git/LinearMaps/.lake/packages/importGraph/.lake/build/lib:/Users/mirajcs/git/LinearMaps/.lake/packages/proofwidgets/.lake/build/lib:/Users/mirajcs/git/LinearMaps/.lake/packages/aesop/.lake/build/lib:/Users/mirajcs/git/LinearMaps/.lake/packages/Qq/.lake/build/lib:/Users/mirajcs/git/LinearMaps/.lake/packages/batteries/.lake/build/lib /Users/mirajcs/git/LinearMaps/.lake/packages/doc-gen4/.lake/build/bin/doc-gen4 single --build /Users/mirajcs/git/LinearMaps/.lake/build Mathlib.Algebra.Order.Ring.Nat https://github.com/leanprover-community/mathlib4/blob/a3a10db0e9d66acbebf76c5e6a135066525ac900/Mathlib/Algebra/Order/Ring/Nat.lean",
   "level": "trace"}],
 "inputs":
 [["<collection>",
   [["/Users/mirajcs/git/LinearMaps/.lake/build/doc/Mathlib/Algebra/Order/Group/Nat.html",
     "1317b9fc460b7510"],
    ["/Users/mirajcs/git/LinearMaps/.lake/build/doc/Mathlib/Algebra/Order/GroupWithZero/Canonical.html",
     "f8aad5495a4de822"],
    ["/Users/mirajcs/git/LinearMaps/.lake/build/doc/Mathlib/Algebra/Order/Ring/Defs.html",
     "92f2fa6a4b98c950"],
    ["/Users/mirajcs/git/LinearMaps/.lake/build/doc/Mathlib/Algebra/Ring/Parity.html",
     "6e6a6303846b4ef2"],
    ["/Users/mirajcs/git/LinearMaps/.lake/build/doc/Mathlib/Order/BooleanAlgebra/Set.html",
     "656b717523826244"]]],
  ["/Users/mirajcs/git/LinearMaps/.lake/build/doc-data/references.json",
   "a50f2257f35adb49"],
  ["/Users/mirajcs/git/LinearMaps/.lake/packages/doc-gen4/.lake/build/bin/doc-gen4",
   "efd8ffe875d589a8"],
  ["Mathlib.Algebra.Order.Ring.Nat:leanArts", "b1e9918f437f69d8"]],
 "depHash": "0e1864f7ab79cac9"}