{"synthetic": false,
 "schemaVersion": "2025-09-10",
 "outputs":
 {"o": ["f46bf501c1d52c51.olean"],
  "i": "d411592c418bde2a.ilean",
  "c": "c0c68232b8bab04f.c"},
 "log":
 [{"message":
   ".> LEAN_PATH=/Users/mirajcs/git/LinearMaps/.lake/packages/batteries/.lake/build/lib/lean:/Users/mirajcs/git/LinearMaps/.lake/packages/Qq/.lake/build/lib/lean:/Users/mirajcs/git/LinearMaps/.lake/packages/aesop/.lake/build/lib/lean:/Users/mirajcs/git/LinearMaps/.lake/packages/proofwidgets/.lake/build/lib/lean:/Users/mirajcs/git/LinearMaps/.lake/packages/importGraph/.lake/build/lib/lean:/Users/mirajcs/git/LinearMaps/.lake/packages/LeanSearchClient/.lake/build/lib/lean:/Users/mirajcs/git/LinearMaps/.lake/packages/plausible/.lake/build/lib/lean:/Users/mirajcs/git/LinearMaps/.lake/packages/MD4Lean/.lake/build/lib/lean:/Users/mirajcs/git/LinearMaps/.lake/packages/BibtexQuery/.lake/build/lib/lean:/Users/mirajcs/git/LinearMaps/.lake/packages/UnicodeBasic/.lake/build/lib/lean:/Users/mirajcs/git/LinearMaps/.lake/packages/Cli/.lake/build/lib/lean:/Users/mirajcs/git/LinearMaps/.lake/packages/mathlib/.lake/build/lib/lean:/Users/mirajcs/git/LinearMaps/.lake/packages/doc-gen4/.lake/build/lib/lean:/Users/mirajcs/git/LinearMaps/.lake/build/lib/lean /Users/mirajcs/.elan/toolchains/leanprover--lean4---v4.27.0/bin/lean /Users/mirajcs/git/LinearMaps/LinearMaps.lean -o /Users/mirajcs/git/LinearMaps/.lake/build/lib/lean/LinearMaps.olean -i /Users/mirajcs/git/LinearMaps/.lake/build/lib/lean/LinearMaps.ilean -c /Users/mirajcs/git/LinearMaps/.lake/build/ir/LinearMaps.c --setup /Users/mirajcs/git/LinearMaps/.lake/build/ir/LinearMaps.setup.json --json",
   "level": "trace"}],
 "inputs":
 [["LinearMaps:deps",
   [["deps",
     [["LinearMaps/LinearMaps:extraDep",
       [["@LinearMaps:extraDep", "00000000000006bb"]]],
      ["imports",
       [["LinearMaps.equal_kernels transitive imports (legacy)",
         "62df97db8f793660"],
        ["LinearMaps.equal_kernels:importAllArts", "0901a8c2c757f1d9"]]]]],
    ["libs",
     [["import dynlibs", "00000000000006bb"],
      ["package external libraries", "00000000000006bb"],
      ["module dynlibs", "00000000000006bb"],
      ["module plugins", "00000000000006bb"]]]]],
  ["Lean 4.27.0, commit db93fe1608548721853390a10cd40580fe7d22ae",
   "9a2be90fd35343e5"],
  ["/Users/mirajcs/git/LinearMaps/LinearMaps.lean", "bab2a119b5b2bcf6"],
  ["options",
   [["-DmaxSynthPendingDepth=3", "c78e353d34de85d4"],
    ["-Dweak.linter.mathlibStandardSet=true", "8a155799906f2b42"],
    ["-DrelaxedAutoImplicit=false", "74a2b5546b55be80"],
    ["-Dpp.unicode.fun=true", "9b94070140457fab"]]],
  ["Module.leanArgs: #[]", "00000000000006bb"]],
 "depHash": "712d9bc5abcbc747"}